<?xml version="1.0" encoding="UTF-8"?>
<!-- Generated by org.testng.reporters.JUnitXMLReporter -->
<testsuite ignored="0" hostname="DESKTOP-TJNPJCV" failures="0" tests="2" name="Command line test" time="0.057" errors="0" timestamp="2021-03-26T13:21:43 IST">
  <testcase classname="com.test.DemoTest" name="@AfterTest tearDown" time="0.001">
    <failure type="java.lang.AssertionError" message="The following asserts failed:
	expected [10] but found [20]">
      <![CDATA[java.lang.AssertionError: The following asserts failed:
expected [10] but found [20]
at com.test.DemoTest.tearDown(DemoTest.java:31)
... Removed 35 stack frames]]>
    </failure>
  </testcase> <!-- @AfterTest tearDown -->
  <testcase classname="com.test.DemoTest" name="testA" time="0.007"/>
  <testcase classname="com.test.DemoTest" name="testB" time="0.002"/>
</testsuite> <!-- Command line test -->
